빌드 시작: 2020-02-03 오후 5:36:25
     1>2 노드의 "C:\Users\101\Documents\Visual Studio 2010\Projects\2020_02_03_Imageprocessing\2020_02_03_Imageprocessing\2020_02_03_Imageprocessing.vcxproj" 프로젝트(build 대상)입니다.
     1>InitializeBuildStatus:
         "Debug\2020_02_03_Imageprocessing.unsuccessfulbuild"에 연결(touching)하고 있습니다.
       ClCompile:
         모든 출력이 최신 상태입니다.
         C:\Program Files (x86)\Microsoft Visual Studio 10.0\VC\bin\CL.exe /c /ZI /nologo /W3 /WX- /Od /Oy- /D WIN32 /D _WINDOWS /D _DEBUG /D _UNICODE /D UNICODE /Gm /EHsc /RTC1 /MTd /GS /fp:precise /Zc:wchar_t /Zc:forScope /Yu"StdAfx.h" /Fp"Debug\2020_02_03_Imageprocessing.pch" /Fo"Debug\\" /Fd"Debug\vc100.pdb" /Gd /TP /analyze- /errorReport:prompt 2020_02_03_ImageprocessingView.cpp
         2020_02_03_ImageprocessingView.cpp
       ResourceCompile:
         모든 출력이 최신 상태입니다.
       ManifestResourceCompile:
         모든 출력이 최신 상태입니다.
       Link:
         C:\Program Files (x86)\Microsoft Visual Studio 10.0\VC\bin\link.exe /ERRORREPORT:PROMPT /OUT:"C:\Users\101\Documents\Visual Studio 2010\Projects\2020_02_03_Imageprocessing\Debug\2020_02_03_Imageprocessing.exe" /INCREMENTAL /NOLOGO /MANIFEST /ManifestFile:"Debug\2020_02_03_Imageprocessing.exe.intermediate.manifest" /MANIFESTUAC:"level='asInvoker' uiAccess='false'" /DEBUG /PDB:"C:\Users\101\Documents\Visual Studio 2010\Projects\2020_02_03_Imageprocessing\Debug\2020_02_03_Imageprocessing.pdb" /SUBSYSTEM:WINDOWS /TLBID:1 /ENTRY:"wWinMainCRTStartup" /DYNAMICBASE /NXCOMPAT /IMPLIB:"C:\Users\101\Documents\Visual Studio 2010\Projects\2020_02_03_Imageprocessing\Debug\2020_02_03_Imageprocessing.lib" /MACHINE:X86 Debug\2020_02_03_Imageprocessing.res
         Debug\2020_02_03_Imageprocessing.exe.embed.manifest.res
         Debug\2020_02_03_Imageprocessing.obj
         Debug\2020_02_03_ImageprocessingDoc.obj
         Debug\2020_02_03_ImageprocessingView.obj
         Debug\ChildFrm.obj
         Debug\ClassView.obj
         Debug\DownSampleDlg.obj
         Debug\FileView.obj
         Debug\MainFrm.obj
         Debug\OutputWnd.obj
         Debug\PropertiesWnd.obj
         Debug\QuantizationDlg.obj
         Debug\stdafx.obj
         Debug\UpSampleDlg.obj
         Debug\ViewTree.obj
       Manifest:
         C:\Program Files (x86)\Microsoft SDKs\Windows\v7.0A\bin\mt.exe /nologo /verbose /out:"Debug\2020_02_03_Imageprocessing.exe.embed.manifest" /manifest Debug\2020_02_03_Imageprocessing.exe.intermediate.manifest "C:\Program Files (x86)\Microsoft Visual Studio 10.0\VC\Include\Manifest\dpiaware.manifest"
         모든 출력이 최신 상태입니다.
       LinkEmbedManifest:
         모든 출력이 최신 상태입니다.
         2020_02_03_Imageprocessing.vcxproj -> C:\Users\101\Documents\Visual Studio 2010\Projects\2020_02_03_Imageprocessing\Debug\2020_02_03_Imageprocessing.exe
       FinalizeBuildStatus:
         "Debug\2020_02_03_Imageprocessing.unsuccessfulbuild" 파일을 삭제하고 있습니다.
         "Debug\2020_02_03_Imageprocessing.lastbuildstate"에 연결(touching)하고 있습니다.
     1>"C:\Users\101\Documents\Visual Studio 2010\Projects\2020_02_03_Imageprocessing\2020_02_03_Imageprocessing\2020_02_03_Imageprocessing.vcxproj" 프로젝트를 빌드했습니다(build 대상).

빌드했습니다.

경과 시간: 00:00:00.49
