C:\USERS\101\DOCUMENTS\VISUAL STUDIO 2010\PROJECTS\20200131_YDH_HELLOWORLD\20200131_YDH_HELLOWORLD\DEBUG\20200131_YDH_HELLOWORLD.EXE.EMBED.MANIFEST
C:\USERS\101\DOCUMENTS\VISUAL STUDIO 2010\PROJECTS\20200131_YDH_HELLOWORLD\20200131_YDH_HELLOWORLD\DEBUG\20200131_YDH_HELLOWORLD.EXE.EMBED.MANIFEST.RES
C:\USERS\101\DOCUMENTS\VISUAL STUDIO 2010\PROJECTS\20200131_YDH_HELLOWORLD\20200131_YDH_HELLOWORLD\DEBUG\20200131_YDH_HELLOWORLD.EXE.INTERMEDIATE.MANIFEST
C:\Users\101\Documents\Visual Studio 2010\Projects\20200131_YDH_HelloWorld\20200131_YDH_HelloWorld\Debug\20200131_YDH_HelloWorld.vcxprojResolveAssemblyReference.cache
C:\Users\101\Documents\Visual Studio 2010\Projects\20200131_YDH_HelloWorld\20200131_YDH_HelloWorld\Debug\20200131_YDH_HelloWorld.write.1.tlog
C:\Users\101\Documents\Visual Studio 2010\Projects\20200131_YDH_HelloWorld\20200131_YDH_HelloWorld\Debug\20200131_YDH_HelloWorld_manifest.rc
C:\Users\101\Documents\Visual Studio 2010\Projects\20200131_YDH_HelloWorld\20200131_YDH_HelloWorld\Debug\cl.command.1.tlog
C:\Users\101\Documents\Visual Studio 2010\Projects\20200131_YDH_HelloWorld\20200131_YDH_HelloWorld\Debug\CL.read.1.tlog
C:\Users\101\Documents\Visual Studio 2010\Projects\20200131_YDH_HelloWorld\20200131_YDH_HelloWorld\Debug\CL.write.1.tlog
C:\USERS\101\DOCUMENTS\VISUAL STUDIO 2010\PROJECTS\20200131_YDH_HELLOWORLD\20200131_YDH_HELLOWORLD\DEBUG\HELLOWWORLD.OBJ
C:\Users\101\Documents\Visual Studio 2010\Projects\20200131_YDH_HelloWorld\20200131_YDH_HelloWorld\Debug\link.5276.read.1.tlog
C:\Users\101\Documents\Visual Studio 2010\Projects\20200131_YDH_HelloWorld\20200131_YDH_HelloWorld\Debug\link.5276.write.1.tlog
C:\Users\101\Documents\Visual Studio 2010\Projects\20200131_YDH_HelloWorld\20200131_YDH_HelloWorld\Debug\link.5276-cvtres.read.1.tlog
C:\Users\101\Documents\Visual Studio 2010\Projects\20200131_YDH_HelloWorld\20200131_YDH_HelloWorld\Debug\link.5276-cvtres.write.1.tlog
C:\Users\101\Documents\Visual Studio 2010\Projects\20200131_YDH_HelloWorld\20200131_YDH_HelloWorld\Debug\link.command.1.tlog
C:\Users\101\Documents\Visual Studio 2010\Projects\20200131_YDH_HelloWorld\20200131_YDH_HelloWorld\Debug\link.read.1.tlog
C:\Users\101\Documents\Visual Studio 2010\Projects\20200131_YDH_HelloWorld\20200131_YDH_HelloWorld\Debug\link.write.1.tlog
C:\Users\101\Documents\Visual Studio 2010\Projects\20200131_YDH_HelloWorld\20200131_YDH_HelloWorld\Debug\link-cvtres.read.1.tlog
C:\Users\101\Documents\Visual Studio 2010\Projects\20200131_YDH_HelloWorld\20200131_YDH_HelloWorld\Debug\link-cvtres.write.1.tlog
C:\Users\101\Documents\Visual Studio 2010\Projects\20200131_YDH_HelloWorld\20200131_YDH_HelloWorld\Debug\mt.command.1.tlog
C:\Users\101\Documents\Visual Studio 2010\Projects\20200131_YDH_HelloWorld\20200131_YDH_HelloWorld\Debug\mt.read.1.tlog
C:\Users\101\Documents\Visual Studio 2010\Projects\20200131_YDH_HelloWorld\20200131_YDH_HelloWorld\Debug\mt.write.1.tlog
C:\Users\101\Documents\Visual Studio 2010\Projects\20200131_YDH_HelloWorld\20200131_YDH_HelloWorld\Debug\rc.command.1.tlog
C:\Users\101\Documents\Visual Studio 2010\Projects\20200131_YDH_HelloWorld\20200131_YDH_HelloWorld\Debug\rc.read.1.tlog
C:\Users\101\Documents\Visual Studio 2010\Projects\20200131_YDH_HelloWorld\20200131_YDH_HelloWorld\Debug\rc.write.1.tlog
C:\Users\101\Documents\Visual Studio 2010\Projects\20200131_YDH_HelloWorld\20200131_YDH_HelloWorld\Debug\vc100.idb
C:\USERS\101\DOCUMENTS\VISUAL STUDIO 2010\PROJECTS\20200131_YDH_HELLOWORLD\20200131_YDH_HELLOWORLD\DEBUG\VC100.PDB
C:\USERS\101\DOCUMENTS\VISUAL STUDIO 2010\PROJECTS\20200131_YDH_HELLOWORLD\DEBUG\20200131_YDH_HELLOWORLD.EXE
C:\USERS\101\DOCUMENTS\VISUAL STUDIO 2010\PROJECTS\20200131_YDH_HELLOWORLD\DEBUG\20200131_YDH_HELLOWORLD.ILK
C:\USERS\101\DOCUMENTS\VISUAL STUDIO 2010\PROJECTS\20200131_YDH_HELLOWORLD\DEBUG\20200131_YDH_HELLOWORLD.PDB
