빌드 시작: 2020-01-31 오후 4:41:28
     1>2 노드의 "C:\Users\101\Documents\Visual Studio 2010\Projects\20200131_YDH_HelloWorld\20200131_YDH_HelloWorld\20200131_YDH_HelloWorld.vcxproj" 프로젝트(build 대상)입니다.
     1>InitializeBuildStatus:
         "AlwaysCreate"이(가) 지정되었기 때문에 "Debug\20200131_YDH_HelloWorld.unsuccessfulbuild"을(를) 만들고 있습니다.
       ClCompile:
         모든 출력이 최신 상태입니다.
       ManifestResourceCompile:
         모든 출력이 최신 상태입니다.
       Link:
         C:\Program Files (x86)\Microsoft Visual Studio 10.0\VC\bin\link.exe /ERRORREPORT:PROMPT /OUT:"C:\Users\101\Documents\Visual Studio 2010\Projects\20200131_YDH_HelloWorld\Debug\20200131_YDH_HelloWorld.exe" /INCREMENTAL /NOLOGO kernel32.lib user32.lib gdi32.lib winspool.lib comdlg32.lib advapi32.lib shell32.lib ole32.lib oleaut32.lib uuid.lib odbc32.lib odbccp32.lib /MANIFEST /ManifestFile:"Debug\20200131_YDH_HelloWorld.exe.intermediate.manifest" /MANIFESTUAC:"level='asInvoker' uiAccess='false'" /DEBUG /PDB:"C:\Users\101\Documents\Visual Studio 2010\Projects\20200131_YDH_HelloWorld\Debug\20200131_YDH_HelloWorld.pdb" /SUBSYSTEM:CONSOLE /TLBID:1 /DYNAMICBASE /NXCOMPAT /IMPLIB:"C:\Users\101\Documents\Visual Studio 2010\Projects\20200131_YDH_HelloWorld\Debug\20200131_YDH_HelloWorld.lib" /MACHINE:X86 Debug\20200131_YDH_HelloWorld.exe.embed.manifest.res
         Debug\HellowWorld.obj
       Manifest:
         C:\Program Files (x86)\Microsoft SDKs\Windows\v7.0A\bin\mt.exe /nologo /verbose /out:"Debug\20200131_YDH_HelloWorld.exe.embed.manifest" /manifest Debug\20200131_YDH_HelloWorld.exe.intermediate.manifest
         모든 출력이 최신 상태입니다.
       LinkEmbedManifest:
         모든 출력이 최신 상태입니다.
         20200131_YDH_HelloWorld.vcxproj -> C:\Users\101\Documents\Visual Studio 2010\Projects\20200131_YDH_HelloWorld\Debug\20200131_YDH_HelloWorld.exe
       FinalizeBuildStatus:
         "Debug\20200131_YDH_HelloWorld.unsuccessfulbuild" 파일을 삭제하고 있습니다.
         "Debug\20200131_YDH_HelloWorld.lastbuildstate"에 연결(touching)하고 있습니다.
     1>"C:\Users\101\Documents\Visual Studio 2010\Projects\20200131_YDH_HelloWorld\20200131_YDH_HelloWorld\20200131_YDH_HelloWorld.vcxproj" 프로젝트를 빌드했습니다(build 대상).

빌드했습니다.

경과 시간: 00:00:00.50
